<?xml version="1.0" encoding="UTF-8"?>
<testsuite name="guru.qa.LabelsTest" tests="1" skipped="0" failures="0" errors="0" timestamp="2022-08-25T16:25:08" hostname="ALEX112233" time="0.319">
  <properties/>
  <testcase name="Создание Issue для авторизованного пользователя" classname="guru.qa.LabelsTest" time="0.319"/>
  <system-out><![CDATA[]]></system-out>
  <system-err><![CDATA[]]></system-err>
</testsuite>
